Build started 5/31/2019 4:09:02 PM.
     1>Project "D:\Ashraf\الجامعة\Image Processing\HW\HW2\Code\Shape Detection\Shape Detection\Shape Detection.vcxproj" on node 2 (Build target(s)).
     1>ClCompile:
         C:\Program Files (x86)\Microsoft Visual Studio 12.0\VC\bin\x86_amd64\CL.exe /c /IC:\opencv\build\include /IC:\opencv\build\include\opencv /IC:\opencv\build\include\opencv2 /Zi /nologo /W3 /WX- /Od /D WIN32 /D _DEBUG /D _CONSOLE /D _LIB /D _UNICODE /D UNICODE /Gm /EHsc /RTC1 /MDd /GS /fp:precise /Zc:wchar_t /Zc:forScope /Fo"x64\Debug\\" /Fd"x64\Debug\vc120.pdb" /Gd /TP /errorReport:prompt Source.cpp
         Source.cpp
     1>Source.cpp(78): warning C4267: 'argument' : conversion from 'size_t' to 'int', possible loss of data
     1>Source.cpp(84): warning C4244: 'argument' : conversion from 'int' to 'float', possible loss of data
     1>Source.cpp(92): warning C4267: 'argument' : conversion from 'size_t' to 'int', possible loss of data
     1>Source.cpp(98): warning C4244: 'argument' : conversion from 'int' to 'float', possible loss of data
     1>Source.cpp(101): warning C4267: 'argument' : conversion from 'size_t' to 'int', possible loss of data
     1>Source.cpp(107): warning C4244: 'argument' : conversion from 'int' to 'float', possible loss of data
     1>Source.cpp(111): warning C4267: 'argument' : conversion from 'size_t' to 'int', possible loss of data
     1>Source.cpp(117): warning C4244: 'argument' : conversion from 'int' to 'float', possible loss of data
       Link:
         C:\Program Files (x86)\Microsoft Visual Studio 12.0\VC\bin\x86_amd64\link.exe /ERRORREPORT:PROMPT /OUT:"D:\Ashraf\الجامعة\Image Processing\HW\HW2\Code\Shape Detection\x64\Debug\Shape Detection.exe" /INCREMENTAL /NOLOGO /LIBPATH:C:\opencv\build\x64\vc12\lib opencv_world310.lib kernel32.lib user32.lib gdi32.lib winspool.lib comdlg32.lib advapi32.lib shell32.lib ole32.lib oleaut32.lib uuid.lib odbc32.lib odbccp32.lib /MANIFEST /MANIFESTUAC:"level='asInvoker' uiAccess='false'" /manifest:embed /DEBUG /PDB:"D:\Ashraf\الجامعة\Image Processing\HW\HW2\Code\Shape Detection\x64\Debug\Shape Detection.pdb" /SUBSYSTEM:CONSOLE /TLBID:1 /DYNAMICBASE /NXCOMPAT /IMPLIB:"D:\Ashraf\الجامعة\Image Processing\HW\HW2\Code\Shape Detection\x64\Debug\Shape Detection.lib" /MACHINE:X64 x64\Debug\Source.obj
     1>LINK : fatal error LNK1104: cannot open file 'opencv_world310.lib'
     1>Done Building Project "D:\Ashraf\الجامعة\Image Processing\HW\HW2\Code\Shape Detection\Shape Detection\Shape Detection.vcxproj" (Build target(s)) -- FAILED.

Build FAILED.

Time Elapsed 00:00:01.38
